# JRE version: OpenJDK Runtime Environment (8.0_212-b04) (build 1.8.0_212-release-1586-b04)
# Java VM: OpenJDK 64-Bit Server VM (25.212-b04 mixed mode windows-amd64 compressed oops)
Heap:
 PSYoungGen      total 223232K, used 130383K [0x00000000e0000000, 0x00000000f2e00000, 0x0000000100000000)
  eden space 193024K, 51% used [0x00000000e0000000,0x00000000e61da170,0x00000000ebc80000)
  from space 30208K, 99% used [0x00000000ebc80000,0x00000000ed9f9e70,0x00000000eda00000)
  to   space 38912K, 0% used [0x00000000f0800000,0x00000000f0800000,0x00000000f2e00000)
 ParOldGen       total 156160K, used 55632K [0x00000000a0000000, 0x00000000a9880000, 0x00000000e0000000)
  object space 156160K, 35% used [0x00000000a0000000,0x00000000a3654340,0x00000000a9880000)
 Metaspace       used 69182K, capacity 72075K, committed 72216K, reserved 1112064K
  class space    used 9282K, capacity 9948K, committed 10024K, reserved 1048576K
GC Heap History (10 events):
Event: 12.608 GC heap before
{Heap before GC invocations=12 (full 2):
 PSYoungGen      total 150528K, used 69415K [0x00000000e0000000, 0x00000000ecf80000, 0x0000000100000000)
  eden space 135168K, 39% used [0x00000000e0000000,0x00000000e34cbe70,0x00000000e8400000)
  from space 15360K, 99% used [0x00000000e8400000,0x00000000e92fdfb0,0x00000000e9300000)
  to   space 19456K, 0% used [0x00000000ebc80000,0x00000000ebc80000,0x00000000ecf80000)
 ParOldGen       total 106496K, used 23047K [0x00000000a0000000, 0x00000000a6800000, 0x00000000e0000000)
  object space 106496K, 21% used [0x00000000a0000000,0x00000000a1681d40,0x00000000a6800000)
 Metaspace       used 57268K, capacity 59103K, committed 59160K, reserved 1099776K
  class space    used 7919K, capacity 8450K, committed 8488K, reserved 1048576K
Event: 12.624 GC heap after
Heap after GC invocations=12 (full 2):
 PSYoungGen      total 189952K, used 19447K [0x00000000e0000000, 0x00000000ed880000, 0x0000000100000000)
  eden space 170496K, 0% used [0x00000000e0000000,0x00000000e0000000,0x00000000ea680000)
  from space 19456K, 99% used [0x00000000ebc80000,0x00000000ecf7df18,0x00000000ecf80000)
  to   space 22528K, 0% used [0x00000000ea680000,0x00000000ea680000,0x00000000ebc80000)
 ParOldGen       total 106496K, used 23482K [0x00000000a0000000, 0x00000000a6800000, 0x00000000e0000000)
  object space 106496K, 22% used [0x00000000a0000000,0x00000000a16ee9c0,0x00000000a6800000)
 Metaspace       used 57268K, capacity 59103K, committed 59160K, reserved 1099776K
  class space    used 7919K, capacity 8450K, committed 8488K, reserved 1048576K
}
Event: 12.624 GC heap before
{Heap before GC invocations=13 (full 3):
 PSYoungGen      total 189952K, used 19447K [0x00000000e0000000, 0x00000000ed880000, 0x0000000100000000)
  eden space 170496K, 0% used [0x00000000e0000000,0x00000000e0000000,0x00000000ea680000)
  from space 19456K, 99% used [0x00000000ebc80000,0x00000000ecf7df18,0x00000000ecf80000)
  to   space 22528K, 0% used [0x00000000ea680000,0x00000000ea680000,0x00000000ebc80000)
 ParOldGen       total 106496K, used 23482K [0x00000000a0000000, 0x00000000a6800000, 0x00000000e0000000)
  object space 106496K, 22% used [0x00000000a0000000,0x00000000a16ee9c0,0x00000000a6800000)
 Metaspace       used 57268K, capacity 59103K, committed 59160K, reserved 1099776K
  class space    used 7919K, capacity 8450K, committed 8488K, reserved 1048576K
Event: 12.827 GC heap after
Heap after GC invocations=13 (full 3):
 PSYoungGen      total 189952K, used 0K [0x00000000e0000000, 0x00000000ed880000, 0x0000000100000000)
  eden space 170496K, 0% used [0x00000000e0000000,0x00000000e0000000,0x00000000ea680000)
  from space 19456K, 0% used [0x00000000ebc80000,0x00000000ebc80000,0x00000000ecf80000)
  to   space 22528K, 0% used [0x00000000ea680000,0x00000000ea680000,0x00000000ebc80000)
 ParOldGen       total 156160K, used 34804K [0x00000000a0000000, 0x00000000a9880000, 0x00000000e0000000)
  object space 156160K, 22% used [0x00000000a0000000,0x00000000a21fd380,0x00000000a9880000)
 Metaspace       used 57268K, capacity 59103K, committed 59160K, reserved 1099776K
  class space    used 7919K, capacity 8450K, committed 8488K, reserved 1048576K
}
Event: 20.003 GC heap before
{Heap before GC invocations=14 (full 3):
 PSYoungGen      total 189952K, used 170496K [0x00000000e0000000, 0x00000000ed880000, 0x0000000100000000)
  eden space 170496K, 100% used [0x00000000e0000000,0x00000000ea680000,0x00000000ea680000)
  from space 19456K, 0% used [0x00000000ebc80000,0x00000000ebc80000,0x00000000ecf80000)
  to   space 22528K, 0% used [0x00000000ea680000,0x00000000ea680000,0x00000000ebc80000)
 ParOldGen       total 156160K, used 34813K [0x00000000a0000000, 0x00000000a9880000, 0x00000000e0000000)
  object space 156160K, 22% used [0x00000000a0000000,0x00000000a21ff4e0,0x00000000a9880000)
 Metaspace       used 63178K, capacity 65879K, committed 66072K, reserved 1105920K
  class space    used 8647K, capacity 9244K, committed 9256K, reserved 1048576K
Event: 20.018 GC heap after
Heap after GC invocations=14 (full 3):
 PSYoungGen      total 193024K, used 17529K [0x00000000e0000000, 0x00000000ef100000, 0x0000000100000000)
  eden space 170496K, 0% used [0x00000000e0000000,0x00000000e0000000,0x00000000ea680000)
  from space 22528K, 77% used [0x00000000ea680000,0x00000000eb79e698,0x00000000ebc80000)
  to   space 23552K, 0% used [0x00000000eda00000,0x00000000eda00000,0x00000000ef100000)
 ParOldGen       total 156160K, used 34821K [0x00000000a0000000, 0x00000000a9880000, 0x00000000e0000000)
  object space 156160K, 22% used [0x00000000a0000000,0x00000000a22014e0,0x00000000a9880000)
 Metaspace       used 63178K, capacity 65879K, committed 66072K, reserved 1105920K
  class space    used 8647K, capacity 9244K, committed 9256K, reserved 1048576K
}
Event: 21.877 GC heap before
{Heap before GC invocations=15 (full 3):
 PSYoungGen      total 193024K, used 188025K [0x00000000e0000000, 0x00000000ef100000, 0x0000000100000000)
  eden space 170496K, 100% used [0x00000000e0000000,0x00000000ea680000,0x00000000ea680000)
  from space 22528K, 77% used [0x00000000ea680000,0x00000000eb79e698,0x00000000ebc80000)
  to   space 23552K, 0% used [0x00000000eda00000,0x00000000eda00000,0x00000000ef100000)
 ParOldGen       total 156160K, used 34824K [0x00000000a0000000, 0x00000000a9880000, 0x00000000e0000000)
  object space 156160K, 22% used [0x00000000a0000000,0x00000000a2202078,0x00000000a9880000)
 Metaspace       used 65542K, capacity 68321K, committed 68504K, reserved 1107968K
  class space    used 8950K, capacity 9563K, committed 9640K, reserved 1048576K
Event: 21.931 GC heap after
Heap after GC invocations=15 (full 3):
 PSYoungGen      total 216576K, used 23532K [0x00000000e0000000, 0x00000000f0700000, 0x0000000100000000)
  eden space 193024K, 0% used [0x00000000e0000000,0x00000000e0000000,0x00000000ebc80000)
  from space 23552K, 99% used [0x00000000eda00000,0x00000000ef0fb3d0,0x00000000ef100000)
  to   space 30208K, 0% used [0x00000000ebc80000,0x00000000ebc80000,0x00000000eda00000)
 ParOldGen       total 156160K, used 43548K [0x00000000a0000000, 0x00000000a9880000, 0x00000000e0000000)
  object space 156160K, 27% used [0x00000000a0000000,0x00000000a2a87108,0x00000000a9880000)
 Metaspace       used 65542K, capacity 68321K, committed 68504K, reserved 1107968K
  class space    used 8950K, capacity 9563K, committed 9640K, reserved 1048576K
}
Event: 28.293 GC heap before
{Heap before GC invocations=16 (full 3):
 PSYoungGen      total 216576K, used 216556K [0x00000000e0000000, 0x00000000f0700000, 0x0000000100000000)
  eden space 193024K, 100% used [0x00000000e0000000,0x00000000ebc80000,0x00000000ebc80000)
  from space 23552K, 99% used [0x00000000eda00000,0x00000000ef0fb3d0,0x00000000ef100000)
  to   space 30208K, 0% used [0x00000000ebc80000,0x00000000ebc80000,0x00000000eda00000)
 ParOldGen       total 156160K, used 43548K [0x00000000a0000000, 0x00000000a9880000, 0x00000000e0000000)
  object space 156160K, 27% used [0x00000000a0000000,0x00000000a2a87108,0x00000000a9880000)
 Metaspace       used 66683K, capacity 69437K, committed 69528K, reserved 1110016K
  class space    used 9030K, capacity 9627K, committed 9640K, reserved 1048576K
Event: 28.321 GC heap after
Heap after GC invocations=16 (full 3):
 PSYoungGen      total 223232K, used 30183K [0x00000000e0000000, 0x00000000f2e00000, 0x0000000100000000)
  eden space 193024K, 0% used [0x00000000e0000000,0x00000000e0000000,0x00000000ebc80000)
  from space 30208K, 99% used [0x00000000ebc80000,0x00000000ed9f9e70,0x00000000eda00000)
  to   space 38912K, 0% used [0x00000000f0800000,0x00000000f0800000,0x00000000f2e00000)
 ParOldGen       total 156160K, used 55632K [0x00000000a0000000, 0x00000000a9880000, 0x00000000e0000000)
  object space 156160K, 35% used [0x00000000a0000000,0x00000000a3654340,0x00000000a9880000)
 Metaspace       used 66683K, capacity 69437K, committed 69528K, reserved 1110016K
  class space    used 9030K, capacity 9627K, committed 9640K, reserved 1048576K
}

