# JRE version: OpenJDK Runtime Environment (8.0_212-b04) (build 1.8.0_212-release-1586-b04)
# Java VM: OpenJDK 64-Bit Server VM (25.212-b04 mixed mode windows-amd64 compressed oops)
Heap:
 PSYoungGen      total 71680K, used 46140K [0x00000000e0000000, 0x00000000e6800000, 0x0000000100000000)
  eden space 66560K, 61% used [0x00000000e0000000,0x00000000e2811e88,0x00000000e4100000)
  from space 5120K, 99% used [0x00000000e4100000,0x00000000e45fd3c8,0x00000000e4600000)
  to   space 12800K, 0% used [0x00000000e5b80000,0x00000000e5b80000,0x00000000e6800000)
 ParOldGen       total 66560K, used 21433K [0x00000000a0000000, 0x00000000a4100000, 0x00000000e0000000)
  object space 66560K, 32% used [0x00000000a0000000,0x00000000a14ee4b0,0x00000000a4100000)
 Metaspace       used 43834K, capacity 45074K, committed 45224K, reserved 1087488K
  class space    used 5934K, capacity 6252K, committed 6312K, reserved 1048576K
GC Heap History (10 events):
Event: 3.197 GC heap before
{Heap before GC invocations=7 (full 1):
 PSYoungGen      total 71680K, used 66560K [0x00000000e0000000, 0x00000000e4b00000, 0x0000000100000000)
  eden space 66560K, 100% used [0x00000000e0000000,0x00000000e4100000,0x00000000e4100000)
  from space 5120K, 0% used [0x00000000e4100000,0x00000000e4100000,0x00000000e4600000)
  to   space 5120K, 0% used [0x00000000e4600000,0x00000000e4600000,0x00000000e4b00000)
 ParOldGen       total 66560K, used 12346K [0x00000000a0000000, 0x00000000a4100000, 0x00000000e0000000)
  object space 66560K, 18% used [0x00000000a0000000,0x00000000a0c0e970,0x00000000a4100000)
 Metaspace       used 28084K, capacity 28652K, committed 28928K, reserved 1075200K
  class space    used 3851K, capacity 4041K, committed 4096K, reserved 1048576K
Event: 3.203 GC heap after
Heap after GC invocations=7 (full 1):
 PSYoungGen      total 71680K, used 5114K [0x00000000e0000000, 0x00000000e4b00000, 0x0000000100000000)
  eden space 66560K, 0% used [0x00000000e0000000,0x00000000e0000000,0x00000000e4100000)
  from space 5120K, 99% used [0x00000000e4600000,0x00000000e4afe858,0x00000000e4b00000)
  to   space 5120K, 0% used [0x00000000e4100000,0x00000000e4100000,0x00000000e4600000)
 ParOldGen       total 66560K, used 14930K [0x00000000a0000000, 0x00000000a4100000, 0x00000000e0000000)
  object space 66560K, 22% used [0x00000000a0000000,0x00000000a0e94968,0x00000000a4100000)
 Metaspace       used 28084K, capacity 28652K, committed 28928K, reserved 1075200K
  class space    used 3851K, capacity 4041K, committed 4096K, reserved 1048576K
}
Event: 4.154 GC heap before
{Heap before GC invocations=8 (full 1):
 PSYoungGen      total 71680K, used 71674K [0x00000000e0000000, 0x00000000e4b00000, 0x0000000100000000)
  eden space 66560K, 100% used [0x00000000e0000000,0x00000000e4100000,0x00000000e4100000)
  from space 5120K, 99% used [0x00000000e4600000,0x00000000e4afe858,0x00000000e4b00000)
  to   space 5120K, 0% used [0x00000000e4100000,0x00000000e4100000,0x00000000e4600000)
 ParOldGen       total 66560K, used 14930K [0x00000000a0000000, 0x00000000a4100000, 0x00000000e0000000)
  object space 66560K, 22% used [0x00000000a0000000,0x00000000a0e94968,0x00000000a4100000)
 Metaspace       used 31927K, capacity 32716K, committed 33024K, reserved 1077248K
  class space    used 4320K, capacity 4552K, committed 4608K, reserved 1048576K
Event: 4.162 GC heap after
Heap after GC invocations=8 (full 1):
 PSYoungGen      total 71680K, used 5104K [0x00000000e0000000, 0x00000000e4b00000, 0x0000000100000000)
  eden space 66560K, 0% used [0x00000000e0000000,0x00000000e0000000,0x00000000e4100000)
  from space 5120K, 99% used [0x00000000e4100000,0x00000000e45fc010,0x00000000e4600000)
  to   space 5120K, 0% used [0x00000000e4600000,0x00000000e4600000,0x00000000e4b00000)
 ParOldGen       total 66560K, used 18720K [0x00000000a0000000, 0x00000000a4100000, 0x00000000e0000000)
  object space 66560K, 28% used [0x00000000a0000000,0x00000000a12483a0,0x00000000a4100000)
 Metaspace       used 31927K, capacity 32716K, committed 33024K, reserved 1077248K
  class space    used 4320K, capacity 4552K, committed 4608K, reserved 1048576K
}
Event: 4.722 GC heap before
{Heap before GC invocations=9 (full 1):
 PSYoungGen      total 71680K, used 69333K [0x00000000e0000000, 0x00000000e4b00000, 0x0000000100000000)
  eden space 66560K, 96% used [0x00000000e0000000,0x00000000e3eb9750,0x00000000e4100000)
  from space 5120K, 99% used [0x00000000e4100000,0x00000000e45fc010,0x00000000e4600000)
  to   space 5120K, 0% used [0x00000000e4600000,0x00000000e4600000,0x00000000e4b00000)
 ParOldGen       total 66560K, used 18720K [0x00000000a0000000, 0x00000000a4100000, 0x00000000e0000000)
  object space 66560K, 28% used [0x00000000a0000000,0x00000000a12483a0,0x00000000a4100000)
 Metaspace       used 34743K, capacity 35438K, committed 35496K, reserved 1079296K
  class space    used 4779K, capacity 5026K, committed 5032K, reserved 1048576K
Event: 4.733 GC heap after
Heap after GC invocations=9 (full 1):
 PSYoungGen      total 71680K, used 5088K [0x00000000e0000000, 0x00000000e4b00000, 0x0000000100000000)
  eden space 66560K, 0% used [0x00000000e0000000,0x00000000e0000000,0x00000000e4100000)
  from space 5120K, 99% used [0x00000000e4600000,0x00000000e4af8010,0x00000000e4b00000)
  to   space 5120K, 0% used [0x00000000e4100000,0x00000000e4100000,0x00000000e4600000)
 ParOldGen       total 66560K, used 24184K [0x00000000a0000000, 0x00000000a4100000, 0x00000000e0000000)
  object space 66560K, 36% used [0x00000000a0000000,0x00000000a179e370,0x00000000a4100000)
 Metaspace       used 34743K, capacity 35438K, committed 35496K, reserved 1079296K
  class space    used 4779K, capacity 5026K, committed 5032K, reserved 1048576K
}
Event: 4.734 GC heap before
{Heap before GC invocations=10 (full 2):
 PSYoungGen      total 71680K, used 5088K [0x00000000e0000000, 0x00000000e4b00000, 0x0000000100000000)
  eden space 66560K, 0% used [0x00000000e0000000,0x00000000e0000000,0x00000000e4100000)
  from space 5120K, 99% used [0x00000000e4600000,0x00000000e4af8010,0x00000000e4b00000)
  to   space 5120K, 0% used [0x00000000e4100000,0x00000000e4100000,0x00000000e4600000)
 ParOldGen       total 66560K, used 24184K [0x00000000a0000000, 0x00000000a4100000, 0x00000000e0000000)
  object space 66560K, 36% used [0x00000000a0000000,0x00000000a179e370,0x00000000a4100000)
 Metaspace       used 34743K, capacity 35438K, committed 35496K, reserved 1079296K
  class space    used 4779K, capacity 5026K, committed 5032K, reserved 1048576K
Event: 4.799 GC heap after
Heap after GC invocations=10 (full 2):
 PSYoungGen      total 71680K, used 0K [0x00000000e0000000, 0x00000000e4b00000, 0x0000000100000000)
  eden space 66560K, 0% used [0x00000000e0000000,0x00000000e0000000,0x00000000e4100000)
  from space 5120K, 0% used [0x00000000e4600000,0x00000000e4600000,0x00000000e4b00000)
  to   space 5120K, 0% used [0x00000000e4100000,0x00000000e4100000,0x00000000e4600000)
 ParOldGen       total 66560K, used 18801K [0x00000000a0000000, 0x00000000a4100000, 0x00000000e0000000)
  object space 66560K, 28% used [0x00000000a0000000,0x00000000a125c730,0x00000000a4100000)
 Metaspace       used 34743K, capacity 35438K, committed 35496K, reserved 1079296K
  class space    used 4779K, capacity 5026K, committed 5032K, reserved 1048576K
}
Event: 6.099 GC heap before
{Heap before GC invocations=11 (full 2):
 PSYoungGen      total 71680K, used 66560K [0x00000000e0000000, 0x00000000e4b00000, 0x0000000100000000)
  eden space 66560K, 100% used [0x00000000e0000000,0x00000000e4100000,0x00000000e4100000)
  from space 5120K, 0% used [0x00000000e4600000,0x00000000e4600000,0x00000000e4b00000)
  to   space 5120K, 0% used [0x00000000e4100000,0x00000000e4100000,0x00000000e4600000)
 ParOldGen       total 66560K, used 18801K [0x00000000a0000000, 0x00000000a4100000, 0x00000000e0000000)
  object space 66560K, 28% used [0x00000000a0000000,0x00000000a125c730,0x00000000a4100000)
 Metaspace       used 40524K, capacity 41778K, committed 42024K, reserved 1085440K
  class space    used 5532K, capacity 5894K, committed 5928K, reserved 1048576K
Event: 6.103 GC heap after
Heap after GC invocations=11 (full 2):
 PSYoungGen      total 71680K, used 5108K [0x00000000e0000000, 0x00000000e6800000, 0x0000000100000000)
  eden space 66560K, 0% used [0x00000000e0000000,0x00000000e0000000,0x00000000e4100000)
  from space 5120K, 99% used [0x00000000e4100000,0x00000000e45fd3c8,0x00000000e4600000)
  to   space 12800K, 0% used [0x00000000e5b80000,0x00000000e5b80000,0x00000000e6800000)
 ParOldGen       total 66560K, used 21433K [0x00000000a0000000, 0x00000000a4100000, 0x00000000e0000000)
  object space 66560K, 32% used [0x00000000a0000000,0x00000000a14ee4b0,0x00000000a4100000)
 Metaspace       used 40524K, capacity 41778K, committed 42024K, reserved 1085440K
  class space    used 5532K, capacity 5894K, committed 5928K, reserved 1048576K
}

